<?xml version="1.0" encoding="UTF-8"?>
<testsuite xmlns:xsi="http://www.w3.org/2001/XMLSchema-instance" xsi:noNamespaceSchemaLocation="https://maven.apache.org/surefire/maven-surefire-plugin/xsd/surefire-test-report-3.0.xsd" version="3.0" name="TestSuite" time="114.609" tests="53" errors="0" skipped="51" failures="2">
  <properties>
    <property name="sun.desktop" value="windows"/>
    <property name="awt.toolkit" value="sun.awt.windows.WToolkit"/>
    <property name="file.encoding.pkg" value="sun.io"/>
    <property name="java.specification.version" value="1.8"/>
    <property name="sun.cpu.isalist" value="amd64"/>
    <property name="sun.jnu.encoding" value="Cp1252"/>
    <property name="java.class.path" value="C:\Users\dharshini\git\P_Bookshelf\Bookshelf\target\test-classes;C:\Users\dharshini\git\P_Bookshelf\Bookshelf\target\classes;C:\Users\dharshini\.m2\repository\io\github\bonigarcia\webdrivermanager\3.4.0\webdrivermanager-3.4.0.jar;C:\Users\dharshini\.m2\repository\org\slf4j\slf4j-api\1.7.25\slf4j-api-1.7.25.jar;C:\Users\dharshini\.m2\repository\commons-io\commons-io\2.6\commons-io-2.6.jar;C:\Users\dharshini\.m2\repository\com\google\code\gson\gson\2.8.5\gson-2.8.5.jar;C:\Users\dharshini\.m2\repository\org\apache\commons\commons-lang3\3.8.1\commons-lang3-3.8.1.jar;C:\Users\dharshini\.m2\repository\org\apache\httpcomponents\httpclient\4.5.6\httpclient-4.5.6.jar;C:\Users\dharshini\.m2\repository\org\apache\httpcomponents\httpcore\4.4.10\httpcore-4.4.10.jar;C:\Users\dharshini\.m2\repository\commons-logging\commons-logging\1.2\commons-logging-1.2.jar;C:\Users\dharshini\.m2\repository\org\rauschig\jarchivelib\1.0.0\jarchivelib-1.0.0.jar;C:\Users\dharshini\.m2\repository\org\apache\commons\commons-compress\1.18\commons-compress-1.18.jar;C:\Users\dharshini\.m2\repository\org\jsoup\jsoup\1.11.3\jsoup-1.11.3.jar;C:\Users\dharshini\.m2\repository\org\seleniumhq\selenium\selenium-java\3.141.59\selenium-java-3.141.59.jar;C:\Users\dharshini\.m2\repository\org\seleniumhq\selenium\selenium-api\3.141.59\selenium-api-3.141.59.jar;C:\Users\dharshini\.m2\repository\org\seleniumhq\selenium\selenium-chrome-driver\3.141.59\selenium-chrome-driver-3.141.59.jar;C:\Users\dharshini\.m2\repository\org\seleniumhq\selenium\selenium-edge-driver\3.141.59\selenium-edge-driver-3.141.59.jar;C:\Users\dharshini\.m2\repository\org\seleniumhq\selenium\selenium-firefox-driver\3.141.59\selenium-firefox-driver-3.141.59.jar;C:\Users\dharshini\.m2\repository\org\seleniumhq\selenium\selenium-ie-driver\3.141.59\selenium-ie-driver-3.141.59.jar;C:\Users\dharshini\.m2\repository\org\seleniumhq\selenium\selenium-opera-driver\3.141.59\selenium-opera-driver-3.141.59.jar;C:\Users\dharshini\.m2\repository\org\seleniumhq\selenium\selenium-remote-driver\3.141.59\selenium-remote-driver-3.141.59.jar;C:\Users\dharshini\.m2\repository\org\seleniumhq\selenium\selenium-safari-driver\3.141.59\selenium-safari-driver-3.141.59.jar;C:\Users\dharshini\.m2\repository\org\seleniumhq\selenium\selenium-support\3.141.59\selenium-support-3.141.59.jar;C:\Users\dharshini\.m2\repository\net\bytebuddy\byte-buddy\1.8.15\byte-buddy-1.8.15.jar;C:\Users\dharshini\.m2\repository\org\apache\commons\commons-exec\1.3\commons-exec-1.3.jar;C:\Users\dharshini\.m2\repository\com\google\guava\guava\25.0-jre\guava-25.0-jre.jar;C:\Users\dharshini\.m2\repository\com\google\code\findbugs\jsr305\1.3.9\jsr305-1.3.9.jar;C:\Users\dharshini\.m2\repository\org\checkerframework\checker-compat-qual\2.0.0\checker-compat-qual-2.0.0.jar;C:\Users\dharshini\.m2\repository\com\google\errorprone\error_prone_annotations\2.1.3\error_prone_annotations-2.1.3.jar;C:\Users\dharshini\.m2\repository\com\google\j2objc\j2objc-annotations\1.1\j2objc-annotations-1.1.jar;C:\Users\dharshini\.m2\repository\org\codehaus\mojo\animal-sniffer-annotations\1.14\animal-sniffer-annotations-1.14.jar;C:\Users\dharshini\.m2\repository\com\squareup\okhttp3\okhttp\3.11.0\okhttp-3.11.0.jar;C:\Users\dharshini\.m2\repository\com\squareup\okio\okio\1.14.0\okio-1.14.0.jar;C:\Users\dharshini\.m2\repository\org\testng\testng\6.14.3\testng-6.14.3.jar;C:\Users\dharshini\.m2\repository\com\beust\jcommander\1.72\jcommander-1.72.jar;C:\Users\dharshini\.m2\repository\org\apache-extras\beanshell\bsh\2.0b6\bsh-2.0b6.jar;C:\Users\dharshini\.m2\repository\org\apache\poi\poi\4.1.2\poi-4.1.2.jar;C:\Users\dharshini\.m2\repository\commons-codec\commons-codec\1.13\commons-codec-1.13.jar;C:\Users\dharshini\.m2\repository\org\apache\commons\commons-collections4\4.4\commons-collections4-4.4.jar;C:\Users\dharshini\.m2\repository\org\apache\commons\commons-math3\3.6.1\commons-math3-3.6.1.jar;C:\Users\dharshini\.m2\repository\com\zaxxer\SparseBitSet\1.2\SparseBitSet-1.2.jar;C:\Users\dharshini\.m2\repository\com\aventstack\extentreports\3.0.0\extentreports-3.0.0.jar;C:\Users\dharshini\.m2\repository\org\freemarker\freemarker\2.3.23\freemarker-2.3.23.jar;C:\Users\dharshini\.m2\repository\org\mongodb\mongodb-driver\3.3.0\mongodb-driver-3.3.0.jar;C:\Users\dharshini\.m2\repository\org\mongodb\bson\3.3.0\bson-3.3.0.jar;C:\Users\dharshini\.m2\repository\org\mongodb\mongodb-driver-core\3.3.0\mongodb-driver-core-3.3.0.jar;C:\Users\dharshini\.m2\repository\org\apache\httpcomponents\httpmime\4.5.2\httpmime-4.5.2.jar;"/>
    <property name="java.vm.vendor" value="Oracle Corporation"/>
    <property name="sun.arch.data.model" value="64"/>
    <property name="user.variant" value=""/>
    <property name="java.vendor.url" value="http://java.oracle.com/"/>
    <property name="user.timezone" value="Asia/Calcutta"/>
    <property name="java.vm.specification.version" value="1.8"/>
    <property name="os.name" value="Windows 10"/>
    <property name="user.country" value="US"/>
    <property name="sun.java.launcher" value="SUN_STANDARD"/>
    <property name="sun.boot.library.path" value="C:\NVPACK_1\jdk1.8.0_77\jre\bin"/>
    <property name="sun.java.command" value="C:\Users\dharshini\AppData\Local\Temp\surefire598266985060444745\surefirebooter2405827502778101201.jar C:\Users\dharshini\AppData\Local\Temp\surefire598266985060444745 2020-06-19T23-22-03_825-jvmRun1 surefire8190986509728040961tmp surefire_07897745123119242279tmp"/>
    <property name="surefire.test.class.path" value="C:\Users\dharshini\git\P_Bookshelf\Bookshelf\target\test-classes;C:\Users\dharshini\git\P_Bookshelf\Bookshelf\target\classes;C:\Users\dharshini\.m2\repository\io\github\bonigarcia\webdrivermanager\3.4.0\webdrivermanager-3.4.0.jar;C:\Users\dharshini\.m2\repository\org\slf4j\slf4j-api\1.7.25\slf4j-api-1.7.25.jar;C:\Users\dharshini\.m2\repository\commons-io\commons-io\2.6\commons-io-2.6.jar;C:\Users\dharshini\.m2\repository\com\google\code\gson\gson\2.8.5\gson-2.8.5.jar;C:\Users\dharshini\.m2\repository\org\apache\commons\commons-lang3\3.8.1\commons-lang3-3.8.1.jar;C:\Users\dharshini\.m2\repository\org\apache\httpcomponents\httpclient\4.5.6\httpclient-4.5.6.jar;C:\Users\dharshini\.m2\repository\org\apache\httpcomponents\httpcore\4.4.10\httpcore-4.4.10.jar;C:\Users\dharshini\.m2\repository\commons-logging\commons-logging\1.2\commons-logging-1.2.jar;C:\Users\dharshini\.m2\repository\org\rauschig\jarchivelib\1.0.0\jarchivelib-1.0.0.jar;C:\Users\dharshini\.m2\repository\org\apache\commons\commons-compress\1.18\commons-compress-1.18.jar;C:\Users\dharshini\.m2\repository\org\jsoup\jsoup\1.11.3\jsoup-1.11.3.jar;C:\Users\dharshini\.m2\repository\org\seleniumhq\selenium\selenium-java\3.141.59\selenium-java-3.141.59.jar;C:\Users\dharshini\.m2\repository\org\seleniumhq\selenium\selenium-api\3.141.59\selenium-api-3.141.59.jar;C:\Users\dharshini\.m2\repository\org\seleniumhq\selenium\selenium-chrome-driver\3.141.59\selenium-chrome-driver-3.141.59.jar;C:\Users\dharshini\.m2\repository\org\seleniumhq\selenium\selenium-edge-driver\3.141.59\selenium-edge-driver-3.141.59.jar;C:\Users\dharshini\.m2\repository\org\seleniumhq\selenium\selenium-firefox-driver\3.141.59\selenium-firefox-driver-3.141.59.jar;C:\Users\dharshini\.m2\repository\org\seleniumhq\selenium\selenium-ie-driver\3.141.59\selenium-ie-driver-3.141.59.jar;C:\Users\dharshini\.m2\repository\org\seleniumhq\selenium\selenium-opera-driver\3.141.59\selenium-opera-driver-3.141.59.jar;C:\Users\dharshini\.m2\repository\org\seleniumhq\selenium\selenium-remote-driver\3.141.59\selenium-remote-driver-3.141.59.jar;C:\Users\dharshini\.m2\repository\org\seleniumhq\selenium\selenium-safari-driver\3.141.59\selenium-safari-driver-3.141.59.jar;C:\Users\dharshini\.m2\repository\org\seleniumhq\selenium\selenium-support\3.141.59\selenium-support-3.141.59.jar;C:\Users\dharshini\.m2\repository\net\bytebuddy\byte-buddy\1.8.15\byte-buddy-1.8.15.jar;C:\Users\dharshini\.m2\repository\org\apache\commons\commons-exec\1.3\commons-exec-1.3.jar;C:\Users\dharshini\.m2\repository\com\google\guava\guava\25.0-jre\guava-25.0-jre.jar;C:\Users\dharshini\.m2\repository\com\google\code\findbugs\jsr305\1.3.9\jsr305-1.3.9.jar;C:\Users\dharshini\.m2\repository\org\checkerframework\checker-compat-qual\2.0.0\checker-compat-qual-2.0.0.jar;C:\Users\dharshini\.m2\repository\com\google\errorprone\error_prone_annotations\2.1.3\error_prone_annotations-2.1.3.jar;C:\Users\dharshini\.m2\repository\com\google\j2objc\j2objc-annotations\1.1\j2objc-annotations-1.1.jar;C:\Users\dharshini\.m2\repository\org\codehaus\mojo\animal-sniffer-annotations\1.14\animal-sniffer-annotations-1.14.jar;C:\Users\dharshini\.m2\repository\com\squareup\okhttp3\okhttp\3.11.0\okhttp-3.11.0.jar;C:\Users\dharshini\.m2\repository\com\squareup\okio\okio\1.14.0\okio-1.14.0.jar;C:\Users\dharshini\.m2\repository\org\testng\testng\6.14.3\testng-6.14.3.jar;C:\Users\dharshini\.m2\repository\com\beust\jcommander\1.72\jcommander-1.72.jar;C:\Users\dharshini\.m2\repository\org\apache-extras\beanshell\bsh\2.0b6\bsh-2.0b6.jar;C:\Users\dharshini\.m2\repository\org\apache\poi\poi\4.1.2\poi-4.1.2.jar;C:\Users\dharshini\.m2\repository\commons-codec\commons-codec\1.13\commons-codec-1.13.jar;C:\Users\dharshini\.m2\repository\org\apache\commons\commons-collections4\4.4\commons-collections4-4.4.jar;C:\Users\dharshini\.m2\repository\org\apache\commons\commons-math3\3.6.1\commons-math3-3.6.1.jar;C:\Users\dharshini\.m2\repository\com\zaxxer\SparseBitSet\1.2\SparseBitSet-1.2.jar;C:\Users\dharshini\.m2\repository\com\aventstack\extentreports\3.0.0\extentreports-3.0.0.jar;C:\Users\dharshini\.m2\repository\org\freemarker\freemarker\2.3.23\freemarker-2.3.23.jar;C:\Users\dharshini\.m2\repository\org\mongodb\mongodb-driver\3.3.0\mongodb-driver-3.3.0.jar;C:\Users\dharshini\.m2\repository\org\mongodb\bson\3.3.0\bson-3.3.0.jar;C:\Users\dharshini\.m2\repository\org\mongodb\mongodb-driver-core\3.3.0\mongodb-driver-core-3.3.0.jar;C:\Users\dharshini\.m2\repository\org\apache\httpcomponents\httpmime\4.5.2\httpmime-4.5.2.jar;"/>
    <property name="sun.cpu.endian" value="little"/>
    <property name="user.home" value="C:\Users\dharshini"/>
    <property name="user.language" value="en"/>
    <property name="java.specification.vendor" value="Oracle Corporation"/>
    <property name="java.home" value="C:\NVPACK_1\jdk1.8.0_77\jre"/>
    <property name="basedir" value="C:\Users\dharshini\git\P_Bookshelf\Bookshelf"/>
    <property name="file.separator" value="\"/>
    <property name="line.separator" value="&#10;"/>
    <property name="java.vm.specification.vendor" value="Oracle Corporation"/>
    <property name="java.specification.name" value="Java Platform API Specification"/>
    <property name="java.awt.graphicsenv" value="sun.awt.Win32GraphicsEnvironment"/>
    <property name="surefire.real.class.path" value="C:\Users\dharshini\AppData\Local\Temp\surefire598266985060444745\surefirebooter2405827502778101201.jar"/>
    <property name="sun.boot.class.path" value="C:\NVPACK_1\jdk1.8.0_77\jre\lib\resources.jar;C:\NVPACK_1\jdk1.8.0_77\jre\lib\rt.jar;C:\NVPACK_1\jdk1.8.0_77\jre\lib\sunrsasign.jar;C:\NVPACK_1\jdk1.8.0_77\jre\lib\jsse.jar;C:\NVPACK_1\jdk1.8.0_77\jre\lib\jce.jar;C:\NVPACK_1\jdk1.8.0_77\jre\lib\charsets.jar;C:\NVPACK_1\jdk1.8.0_77\jre\lib\jfr.jar;C:\NVPACK_1\jdk1.8.0_77\jre\classes"/>
    <property name="user.script" value=""/>
    <property name="sun.management.compiler" value="HotSpot 64-Bit Tiered Compilers"/>
    <property name="java.runtime.version" value="1.8.0_77-b03"/>
    <property name="user.name" value="dharshini"/>
    <property name="path.separator" value=";"/>
    <property name="os.version" value="10.0"/>
    <property name="java.endorsed.dirs" value="C:\NVPACK_1\jdk1.8.0_77\jre\lib\endorsed"/>
    <property name="java.runtime.name" value="Java(TM) SE Runtime Environment"/>
    <property name="file.encoding" value="Cp1252"/>
    <property name="java.vm.name" value="Java HotSpot(TM) 64-Bit Server VM"/>
    <property name="localRepository" value="C:\Users\dharshini\.m2\repository"/>
    <property name="java.vendor.url.bug" value="http://bugreport.sun.com/bugreport/"/>
    <property name="java.io.tmpdir" value="C:\Users\DHARSH~1\AppData\Local\Temp\"/>
    <property name="java.version" value="1.8.0_77"/>
    <property name="user.dir" value="C:\Users\dharshini\git\P_Bookshelf\Bookshelf"/>
    <property name="os.arch" value="amd64"/>
    <property name="java.vm.specification.name" value="Java Virtual Machine Specification"/>
    <property name="java.awt.printerjob" value="sun.awt.windows.WPrinterJob"/>
    <property name="sun.os.patch.level" value=""/>
    <property name="java.library.path" value="C:\NVPACK_1\jdk1.8.0_77\jre\bin;C:\Windows\Sun\Java\bin;C:\Windows\system32;C:\Windows;C:/NVPACK_1/jdk1.8.0_77/bin/../jre/bin/server;C:/NVPACK_1/jdk1.8.0_77/bin/../jre/bin;C:/NVPACK_1/jdk1.8.0_77/bin/../jre/lib/amd64;C:\Windows\system32;C:\Windows;C:\Windows\System32\Wbem;C:\Windows\System32\WindowsPowerShell\v1.0\;C:\Program Files\Common Files\Autodesk Shared\;C:\Program Files\sdfs;C:\Program Files\nodejs\;C:\Program Files\Git\cmd;C:\Program Files\Git\mingw64\bin;C:\Program Files\Git\usr\bin;C:\Users\dharshini\AppData\Local\Programs\Python\Python35\Scripts\;C:\Users\dharshini\AppData\Local\Programs\Python\Python35\;C:\NVPACK_1\android-sdk-windows\extras\android\support;C:\NVPACK_1\android-sdk-windows\build-tools;C:\NVPACK_1\android-sdk-windows\platform-tools;C:\NVPACK_1\android-sdk-windows\tools;C:\NVPACK_1\gradle-4.1\bin;C:\NVPACK_1\apache-ant-1.8.2\bin;C:\NVPACK_1\jdk1.8.0_77\bin;C:\NVPACK_1\android-ndk-r14b;C:\Users\dharshini\AppData\Local\Microsoft\WindowsApps;C:\Users\dharshini\AppData\Local\Programs\MiKTeX 2.9\miktex\bin\x64\;C:\Users\dharshini\AppData\Local\Programs\MiKTeX 2.9_1\miktex\bin\x64\&#13;&#13;&#13;&#13;&#13;&#13;&#13;&#13;;C:\Users\dharshini\AppData\Local\Program Files (x86)\MiKTeX 2.9\miktex\bin\x64\;C:\Users\dharshini\AppData\Local\Programs\Microsoft VS Code\bin;C:\Users\dharshini\AppData\Roaming\npm;D:\dharshini\cts\oxygen\eclipse;;."/>
    <property name="java.vm.info" value="mixed mode"/>
    <property name="java.vendor" value="Oracle Corporation"/>
    <property name="java.vm.version" value="25.77-b03"/>
    <property name="java.ext.dirs" value="C:\NVPACK_1\jdk1.8.0_77\jre\lib\ext;C:\Windows\Sun\Java\lib\ext"/>
    <property name="sun.io.unicode.encoding" value="UnicodeLittle"/>
    <property name="java.class.version" value="52.0"/>
  </properties>
  <testcase name="setup" classname="com.Bookshelf.testdata.TestValidData" time="22.442">
    <failure message="java.net.UnknownHostException: npm.taobao.org" type="io.github.bonigarcia.wdm.WebDriverManagerException">io.github.bonigarcia.wdm.WebDriverManagerException: java.net.UnknownHostException: npm.taobao.org
	at com.Bookshelf.testdata.TestValidData.setup(TestValidData.java:36)
Caused by: java.net.UnknownHostException: npm.taobao.org
	at com.Bookshelf.testdata.TestValidData.setup(TestValidData.java:36)
</failure>
    <system-err><![CDATA[SLF4J: Failed to load class "org.slf4j.impl.StaticLoggerBinder".
SLF4J: Defaulting to no-operation (NOP) logger implementation
SLF4J: See http://www.slf4j.org/codes.html#StaticLoggerBinder for further details.
]]></system-err>
  </testcase>
  <testcase name="setup" classname="com.Bookshelf.testdata.TestValidData" time="110.538">
    <failure message="connection refused&#10;Build info: version: &apos;3.141.59&apos;, revision: &apos;e82be7d358&apos;, time: &apos;2018-11-14T08:25:53&apos;&#10;System info: host: &apos;DHARSHINI&apos;, ip: &apos;127.0.0.1&apos;, os.name: &apos;Windows 10&apos;, os.arch: &apos;amd64&apos;, os.version: &apos;10.0&apos;, java.version: &apos;1.8.0_77&apos;&#10;Driver info: driver.version: unknown&#10;remote stacktrace: &#10;Command duration or timeout: 79.34 seconds" type="org.openqa.selenium.TimeoutException">org.openqa.selenium.TimeoutException: 
connection refused
Build info: version: '3.141.59', revision: 'e82be7d358', time: '2018-11-14T08:25:53'
System info: host: 'DHARSHINI', ip: '127.0.0.1', os.name: 'Windows 10', os.arch: 'amd64', os.version: '10.0', java.version: '1.8.0_77'
Driver info: driver.version: unknown
remote stacktrace: 
Command duration or timeout: 79.34 seconds
	at com.Bookshelf.testdata.TestValidData.setup(TestValidData.java:36)
Caused by: org.openqa.selenium.TimeoutException: 
connection refused
Build info: version: '3.141.59', revision: 'e82be7d358', time: '2018-11-14T08:25:53'
System info: host: 'DHARSHINI', ip: '127.0.0.1', os.name: 'Windows 10', os.arch: 'amd64', os.version: '10.0', java.version: '1.8.0_77'
Driver info: driver.version: unknown
remote stacktrace: 
Build info: version: '3.141.59', revision: 'e82be7d358', time: '2018-11-14T08:17:03'
System info: host: 'DHARSHINI', ip: '127.0.0.1', os.name: 'Windows 10', os.arch: 'amd64', os.version: '10.0', java.version: '1.8.0_77'
Driver info: driver.version: unknown
</failure>
  </testcase>
  <testcase name="testwebpage" classname="com.Bookshelf.testdata.TestValidData" time="0">
    <skipped message="java.net.UnknownHostException: npm.taobao.org"/>
    <system-out><![CDATA[into get exxcel data
Entered into excel utils
Selected the file C:\Users\dharshini\git\P_Bookshelf\Bookshelf\testdata.xls
Bookshelf
15000
Open
1500.0
Janaki
janakiraman@gmail.com
Sruthi
sruthijayachandran@gmail.com
7812549501
Bookshelves
15000
Open
1500.0
Janaki
janakiraman@gmail.com
Sruthi
sruthijayachandran@gmail.com
7812549502
Bookshelf
15001
Open
1500.0
Janaki
janakiraman@gmail.com
Sruthi
sruthijayachandran@gmail.com
7812549503
Bookshelf
14999
Open
1500.0
Janaki
janakiraman@gmail.com
Sruthi
sruthijayachandran@gmail.com
7812549504
Bookshelf
15000
Open and Closed
1500.0
Janaki
janakiraman@gmail.com
Sruthi
sruthijayachandran@gmail.com
7812549505
Bookshelf
15000
Open Storage
1500.0
Janaki
janakiraman@gmail.com
Sruthi
sruthijayachandran@gmail.com
7812549506
Bookshelf
15000
Closed Storage
1500.0
Janaki
janakiraman@gmail.com
Sruthi
sruthijayachandran@gmail.com
7812549507
Bookshelf
15000
Closed
1500.0
Janaki
janakiraman@gmail.com
Sruthi
sruthijayachandran@gmail.com
7812549508
Bookshelf
15000
Open
1500.0
Janaki
janakiraman
Sruthi
sruthijayachandran@gmail.com
7812549509
Bookshelf
15000
Open
1500.0
Janaki
janakiraman@gmail.com
Sruthi
sruthijayachandran
7812549510
Bookshelf
15000
Open
1500.0
Janaki
janakiraman@gmail.com
Sruthi
sruthijayachandran@gmail.com
78125
Study Chair
15000
Open
1500.0
Janaki
janakiraman@gmail.com
Sruthi
sruthijayachandran@gmail.com
7812549512
Returning to search Page
]]></system-out>
  </testcase>
  <testcase name="testwebpage" classname="com.Bookshelf.testdata.TestValidData" time="0">
    <skipped message="java.net.UnknownHostException: npm.taobao.org"/>
  </testcase>
  <testcase name="testwebpage" classname="com.Bookshelf.testdata.TestValidData" time="0">
    <skipped message="java.net.UnknownHostException: npm.taobao.org"/>
  </testcase>
  <testcase name="testwebpage" classname="com.Bookshelf.testdata.TestValidData" time="0">
    <skipped message="java.net.UnknownHostException: npm.taobao.org"/>
  </testcase>
  <testcase name="testwebpage" classname="com.Bookshelf.testdata.TestValidData" time="0">
    <skipped message="java.net.UnknownHostException: npm.taobao.org"/>
  </testcase>
  <testcase name="testwebpage" classname="com.Bookshelf.testdata.TestValidData" time="0">
    <skipped message="java.net.UnknownHostException: npm.taobao.org"/>
  </testcase>
  <testcase name="testwebpage" classname="com.Bookshelf.testdata.TestValidData" time="0">
    <skipped message="java.net.UnknownHostException: npm.taobao.org"/>
  </testcase>
  <testcase name="testwebpage" classname="com.Bookshelf.testdata.TestValidData" time="0">
    <skipped message="java.net.UnknownHostException: npm.taobao.org"/>
  </testcase>
  <testcase name="testwebpage" classname="com.Bookshelf.testdata.TestValidData" time="0">
    <skipped message="java.net.UnknownHostException: npm.taobao.org"/>
  </testcase>
  <testcase name="testwebpage" classname="com.Bookshelf.testdata.TestValidData" time="0">
    <skipped message="java.net.UnknownHostException: npm.taobao.org"/>
  </testcase>
  <testcase name="testwebpage" classname="com.Bookshelf.testdata.TestValidData" time="0">
    <skipped message="java.net.UnknownHostException: npm.taobao.org"/>
  </testcase>
  <testcase name="testwebpage" classname="com.Bookshelf.testdata.TestValidData" time="0">
    <skipped message="java.net.UnknownHostException: npm.taobao.org"/>
  </testcase>
  <testcase name="testwebpage" classname="com.Bookshelf.testdata.TestValidData" time="0">
    <skipped message="connection refused&#10;Build info: version: &apos;3.141.59&apos;, revision: &apos;e82be7d358&apos;, time: &apos;2018-11-14T08:25:53&apos;&#10;System info: host: &apos;DHARSHINI&apos;, ip: &apos;127.0.0.1&apos;, os.name: &apos;Windows 10&apos;, os.arch: &apos;amd64&apos;, os.version: &apos;10.0&apos;, java.version: &apos;1.8.0_77&apos;&#10;Driver info: driver.version: unknown&#10;remote stacktrace: &#10;Command duration or timeout: 79.34 seconds"/>
    <system-out><![CDATA[into get exxcel data
Entered into excel utils
Selected the file C:\Users\dharshini\git\P_Bookshelf\Bookshelf\testdata.xls
Bookshelf
15000
Open
1500.0
Janaki
janakiraman@gmail.com
Sruthi
sruthijayachandran@gmail.com
7812549501
Bookshelves
15000
Open
1500.0
Janaki
janakiraman@gmail.com
Sruthi
sruthijayachandran@gmail.com
7812549502
Bookshelf
15001
Open
1500.0
Janaki
janakiraman@gmail.com
Sruthi
sruthijayachandran@gmail.com
7812549503
Bookshelf
14999
Open
1500.0
Janaki
janakiraman@gmail.com
Sruthi
sruthijayachandran@gmail.com
7812549504
Bookshelf
15000
Open and Closed
1500.0
Janaki
janakiraman@gmail.com
Sruthi
sruthijayachandran@gmail.com
7812549505
Bookshelf
15000
Open Storage
1500.0
Janaki
janakiraman@gmail.com
Sruthi
sruthijayachandran@gmail.com
7812549506
Bookshelf
15000
Closed Storage
1500.0
Janaki
janakiraman@gmail.com
Sruthi
sruthijayachandran@gmail.com
7812549507
Bookshelf
15000
Closed
1500.0
Janaki
janakiraman@gmail.com
Sruthi
sruthijayachandran@gmail.com
7812549508
Bookshelf
15000
Open
1500.0
Janaki
janakiraman
Sruthi
sruthijayachandran@gmail.com
7812549509
Bookshelf
15000
Open
1500.0
Janaki
janakiraman@gmail.com
Sruthi
sruthijayachandran
7812549510
Bookshelf
15000
Open
1500.0
Janaki
janakiraman@gmail.com
Sruthi
sruthijayachandran@gmail.com
78125
Study Chair
15000
Open
1500.0
Janaki
janakiraman@gmail.com
Sruthi
sruthijayachandran@gmail.com
7812549512
Returning to search Page
]]></system-out>
  </testcase>
  <testcase name="testwebpage" classname="com.Bookshelf.testdata.TestValidData" time="0">
    <skipped message="connection refused&#10;Build info: version: &apos;3.141.59&apos;, revision: &apos;e82be7d358&apos;, time: &apos;2018-11-14T08:25:53&apos;&#10;System info: host: &apos;DHARSHINI&apos;, ip: &apos;127.0.0.1&apos;, os.name: &apos;Windows 10&apos;, os.arch: &apos;amd64&apos;, os.version: &apos;10.0&apos;, java.version: &apos;1.8.0_77&apos;&#10;Driver info: driver.version: unknown&#10;remote stacktrace: &#10;Command duration or timeout: 79.34 seconds"/>
  </testcase>
  <testcase name="testwebpage" classname="com.Bookshelf.testdata.TestValidData" time="0">
    <skipped message="connection refused&#10;Build info: version: &apos;3.141.59&apos;, revision: &apos;e82be7d358&apos;, time: &apos;2018-11-14T08:25:53&apos;&#10;System info: host: &apos;DHARSHINI&apos;, ip: &apos;127.0.0.1&apos;, os.name: &apos;Windows 10&apos;, os.arch: &apos;amd64&apos;, os.version: &apos;10.0&apos;, java.version: &apos;1.8.0_77&apos;&#10;Driver info: driver.version: unknown&#10;remote stacktrace: &#10;Command duration or timeout: 79.34 seconds"/>
  </testcase>
  <testcase name="testwebpage" classname="com.Bookshelf.testdata.TestValidData" time="0">
    <skipped message="connection refused&#10;Build info: version: &apos;3.141.59&apos;, revision: &apos;e82be7d358&apos;, time: &apos;2018-11-14T08:25:53&apos;&#10;System info: host: &apos;DHARSHINI&apos;, ip: &apos;127.0.0.1&apos;, os.name: &apos;Windows 10&apos;, os.arch: &apos;amd64&apos;, os.version: &apos;10.0&apos;, java.version: &apos;1.8.0_77&apos;&#10;Driver info: driver.version: unknown&#10;remote stacktrace: &#10;Command duration or timeout: 79.34 seconds"/>
  </testcase>
  <testcase name="testwebpage" classname="com.Bookshelf.testdata.TestValidData" time="0">
    <skipped message="connection refused&#10;Build info: version: &apos;3.141.59&apos;, revision: &apos;e82be7d358&apos;, time: &apos;2018-11-14T08:25:53&apos;&#10;System info: host: &apos;DHARSHINI&apos;, ip: &apos;127.0.0.1&apos;, os.name: &apos;Windows 10&apos;, os.arch: &apos;amd64&apos;, os.version: &apos;10.0&apos;, java.version: &apos;1.8.0_77&apos;&#10;Driver info: driver.version: unknown&#10;remote stacktrace: &#10;Command duration or timeout: 79.34 seconds"/>
  </testcase>
  <testcase name="testwebpage" classname="com.Bookshelf.testdata.TestValidData" time="0">
    <skipped message="connection refused&#10;Build info: version: &apos;3.141.59&apos;, revision: &apos;e82be7d358&apos;, time: &apos;2018-11-14T08:25:53&apos;&#10;System info: host: &apos;DHARSHINI&apos;, ip: &apos;127.0.0.1&apos;, os.name: &apos;Windows 10&apos;, os.arch: &apos;amd64&apos;, os.version: &apos;10.0&apos;, java.version: &apos;1.8.0_77&apos;&#10;Driver info: driver.version: unknown&#10;remote stacktrace: &#10;Command duration or timeout: 79.34 seconds"/>
  </testcase>
  <testcase name="testwebpage" classname="com.Bookshelf.testdata.TestValidData" time="0">
    <skipped message="connection refused&#10;Build info: version: &apos;3.141.59&apos;, revision: &apos;e82be7d358&apos;, time: &apos;2018-11-14T08:25:53&apos;&#10;System info: host: &apos;DHARSHINI&apos;, ip: &apos;127.0.0.1&apos;, os.name: &apos;Windows 10&apos;, os.arch: &apos;amd64&apos;, os.version: &apos;10.0&apos;, java.version: &apos;1.8.0_77&apos;&#10;Driver info: driver.version: unknown&#10;remote stacktrace: &#10;Command duration or timeout: 79.34 seconds"/>
  </testcase>
  <testcase name="testwebpage" classname="com.Bookshelf.testdata.TestValidData" time="0">
    <skipped message="connection refused&#10;Build info: version: &apos;3.141.59&apos;, revision: &apos;e82be7d358&apos;, time: &apos;2018-11-14T08:25:53&apos;&#10;System info: host: &apos;DHARSHINI&apos;, ip: &apos;127.0.0.1&apos;, os.name: &apos;Windows 10&apos;, os.arch: &apos;amd64&apos;, os.version: &apos;10.0&apos;, java.version: &apos;1.8.0_77&apos;&#10;Driver info: driver.version: unknown&#10;remote stacktrace: &#10;Command duration or timeout: 79.34 seconds"/>
  </testcase>
  <testcase name="testwebpage" classname="com.Bookshelf.testdata.TestValidData" time="0">
    <skipped message="connection refused&#10;Build info: version: &apos;3.141.59&apos;, revision: &apos;e82be7d358&apos;, time: &apos;2018-11-14T08:25:53&apos;&#10;System info: host: &apos;DHARSHINI&apos;, ip: &apos;127.0.0.1&apos;, os.name: &apos;Windows 10&apos;, os.arch: &apos;amd64&apos;, os.version: &apos;10.0&apos;, java.version: &apos;1.8.0_77&apos;&#10;Driver info: driver.version: unknown&#10;remote stacktrace: &#10;Command duration or timeout: 79.34 seconds"/>
  </testcase>
  <testcase name="testwebpage" classname="com.Bookshelf.testdata.TestValidData" time="0">
    <skipped message="connection refused&#10;Build info: version: &apos;3.141.59&apos;, revision: &apos;e82be7d358&apos;, time: &apos;2018-11-14T08:25:53&apos;&#10;System info: host: &apos;DHARSHINI&apos;, ip: &apos;127.0.0.1&apos;, os.name: &apos;Windows 10&apos;, os.arch: &apos;amd64&apos;, os.version: &apos;10.0&apos;, java.version: &apos;1.8.0_77&apos;&#10;Driver info: driver.version: unknown&#10;remote stacktrace: &#10;Command duration or timeout: 79.34 seconds"/>
  </testcase>
  <testcase name="testwebpage" classname="com.Bookshelf.testdata.TestValidData" time="0">
    <skipped message="connection refused&#10;Build info: version: &apos;3.141.59&apos;, revision: &apos;e82be7d358&apos;, time: &apos;2018-11-14T08:25:53&apos;&#10;System info: host: &apos;DHARSHINI&apos;, ip: &apos;127.0.0.1&apos;, os.name: &apos;Windows 10&apos;, os.arch: &apos;amd64&apos;, os.version: &apos;10.0&apos;, java.version: &apos;1.8.0_77&apos;&#10;Driver info: driver.version: unknown&#10;remote stacktrace: &#10;Command duration or timeout: 79.34 seconds"/>
  </testcase>
  <testcase name="testwebpage" classname="com.Bookshelf.testdata.TestValidData" time="0">
    <skipped message="connection refused&#10;Build info: version: &apos;3.141.59&apos;, revision: &apos;e82be7d358&apos;, time: &apos;2018-11-14T08:25:53&apos;&#10;System info: host: &apos;DHARSHINI&apos;, ip: &apos;127.0.0.1&apos;, os.name: &apos;Windows 10&apos;, os.arch: &apos;amd64&apos;, os.version: &apos;10.0&apos;, java.version: &apos;1.8.0_77&apos;&#10;Driver info: driver.version: unknown&#10;remote stacktrace: &#10;Command duration or timeout: 79.34 seconds"/>
  </testcase>
  <testcase name="getResult" classname="com.Bookshelf.testdata.TestValidData" time="0">
    <skipped/>
  </testcase>
  <testcase name="getResult" classname="com.Bookshelf.testdata.TestValidData" time="0">
    <skipped/>
  </testcase>
  <testcase name="getResult" classname="com.Bookshelf.testdata.TestValidData" time="0">
    <skipped/>
  </testcase>
  <testcase name="getResult" classname="com.Bookshelf.testdata.TestValidData" time="0">
    <skipped/>
  </testcase>
  <testcase name="getResult" classname="com.Bookshelf.testdata.TestValidData" time="0">
    <skipped/>
  </testcase>
  <testcase name="getResult" classname="com.Bookshelf.testdata.TestValidData" time="0">
    <skipped/>
  </testcase>
  <testcase name="getResult" classname="com.Bookshelf.testdata.TestValidData" time="0">
    <skipped/>
  </testcase>
  <testcase name="getResult" classname="com.Bookshelf.testdata.TestValidData" time="0">
    <skipped/>
  </testcase>
  <testcase name="getResult" classname="com.Bookshelf.testdata.TestValidData" time="0">
    <skipped/>
  </testcase>
  <testcase name="getResult" classname="com.Bookshelf.testdata.TestValidData" time="0">
    <skipped/>
  </testcase>
  <testcase name="getResult" classname="com.Bookshelf.testdata.TestValidData" time="0">
    <skipped/>
  </testcase>
  <testcase name="getResult" classname="com.Bookshelf.testdata.TestValidData" time="0">
    <skipped/>
  </testcase>
  <testcase name="getResult" classname="com.Bookshelf.testdata.TestValidData" time="0">
    <skipped/>
  </testcase>
  <testcase name="getResult" classname="com.Bookshelf.testdata.TestValidData" time="0">
    <skipped/>
  </testcase>
  <testcase name="getResult" classname="com.Bookshelf.testdata.TestValidData" time="0">
    <skipped/>
  </testcase>
  <testcase name="getResult" classname="com.Bookshelf.testdata.TestValidData" time="0">
    <skipped/>
  </testcase>
  <testcase name="getResult" classname="com.Bookshelf.testdata.TestValidData" time="0">
    <skipped/>
  </testcase>
  <testcase name="getResult" classname="com.Bookshelf.testdata.TestValidData" time="0">
    <skipped/>
  </testcase>
  <testcase name="getResult" classname="com.Bookshelf.testdata.TestValidData" time="0">
    <skipped/>
  </testcase>
  <testcase name="getResult" classname="com.Bookshelf.testdata.TestValidData" time="0">
    <skipped/>
  </testcase>
  <testcase name="getResult" classname="com.Bookshelf.testdata.TestValidData" time="0">
    <skipped/>
  </testcase>
  <testcase name="getResult" classname="com.Bookshelf.testdata.TestValidData" time="0">
    <skipped/>
  </testcase>
  <testcase name="getResult" classname="com.Bookshelf.testdata.TestValidData" time="0">
    <skipped/>
  </testcase>
  <testcase name="getResult" classname="com.Bookshelf.testdata.TestValidData" time="0">
    <skipped/>
  </testcase>
  <testcase name="closeBrowser" classname="com.Bookshelf.testdata.TestValidData" time="0">
    <skipped/>
  </testcase>
  <testcase name="closeBrowser" classname="com.Bookshelf.testdata.TestValidData" time="0">
    <skipped/>
  </testcase>
  <testcase name="tearDown" classname="com.Bookshelf.testdata.TestValidData" time="0">
    <skipped/>
  </testcase>
</testsuite>